<?xml version="1.0" encoding="UTF-8"?>
<testng-results skipped="0" failed="0" ignored="0" total="1" passed="1">
  <reporter-output>
  </reporter-output>
  <suite name="Default suite" duration-ms="2507" started-at="2018-12-29T16:26:34Z" finished-at="2018-12-29T16:26:36Z">
    <groups>
    </groups>
    <test name="Default test" duration-ms="2507" started-at="2018-12-29T16:26:34Z" finished-at="2018-12-29T16:26:36Z">
      <class name="PDF_Reader">
        <test-method status="PASS" signature="pdfReaderTest()[pri:0, instance:PDF_Reader@cc285f4]" name="pdfReaderTest" duration-ms="2438" started-at="2018-12-29T16:26:34Z" finished-at="2018-12-29T16:26:36Z">
          <reporter-output>
          </reporter-output>
        </test-method> <!-- pdfReaderTest -->
      </class> <!-- PDF_Reader -->
    </test> <!-- Default test -->
  </suite> <!-- Default suite -->
</testng-results>
